03:08:04: Creating resource group General
03:08:04: Creating resource group Internal
03:08:04: Creating resource group Autodetect
03:08:04: Registering ResourceManager for type Mesh
03:08:04: Registering ResourceManager for type Material
03:08:04: Registering ResourceManager for type Skeleton
03:08:04: XMLMeshSerializer reading mesh data from /home/ryanfox/workspace 2.0/ProjectR-bust/assets/Space.mesh.xml...
03:08:04: Reading geometry...
03:08:05: Geometry done...
03:08:05: Reading submeshes...
03:08:05: Submeshes done.
03:08:05: Reading mesh names...
03:08:05: Mesh names done.
03:08:05: XMLMeshSerializer import successful.
03:08:05: Reorganising vertex buffers to automatic layout...
03:08:05: MeshSerializer writing mesh data to stream ...
03:08:05: File header written.
03:08:05: Writing mesh data...
03:08:05: Writing submesh...
03:08:05: Exporting submesh texture aliases...
03:08:05: Submesh texture aliases exported.
03:08:05: Submesh exported.
03:08:05: Exporting bounds information....
03:08:05: Bounds information exported.
03:08:05: Exporting submesh name table...
03:08:05: Submesh name table exported.
03:08:05: Exporting edge lists...
03:08:05: Edge lists exported
03:08:05: Mesh data exported.
03:08:05: MeshSerializer export successful.
03:08:05: Unregistering ResourceManager for type Skeleton
03:08:05: Unregistering ResourceManager for type Material
03:08:05: Unregistering ResourceManager for type Mesh
